[03-May-2026 18:14:55 Asia/Kathmandu] [dashboard] SQLSTATE[42S22]: Column not found: 1054 Unknown column 'risk_review_status' in 'WHERE'
[03-May-2026 18:14:55 Asia/Kathmandu] [dashboard] SQLSTATE[42S22]: Column not found: 1054 Unknown column 'published' in 'WHERE'
[03-May-2026 18:14:55 Asia/Kathmandu] [dashboard] SQLSTATE[42S22]: Column not found: 1054 Unknown column 'full_name' in 'SELECT'
[03-May-2026 18:25:58 Asia/Kathmandu] [dashboard] SQLSTATE[42S22]: Column not found: 1054 Unknown column 'risk_review_status' in 'WHERE'
[03-May-2026 18:25:58 Asia/Kathmandu] [dashboard] SQLSTATE[42S22]: Column not found: 1054 Unknown column 'published' in 'WHERE'
[03-May-2026 18:25:58 Asia/Kathmandu] [dashboard] SQLSTATE[42S22]: Column not found: 1054 Unknown column 'full_name' in 'SELECT'
[03-May-2026 19:40:40 Asia/Kathmandu] [dashboard] SQLSTATE[42S22]: Column not found: 1054 Unknown column 'full_name_np' in 'SELECT'
[03-May-2026 19:42:45 Asia/Kathmandu] [member-panel-exception] safeAddColumn(): Argument #1 ($db) must be of type PDO, string given, called in /home/bandanas/dev.bandanasigdel.com.np/member/service-request.php on line 13 @ /home/bandanas/dev.bandanasigdel.com.np/includes/config.php:1269
[03-May-2026 19:42:45 Asia/Kathmandu] [2026-05-03 19:42:45] User Error: safeAddColumn(): Argument #1 ($db) must be of type PDO, string given, called in /home/bandanas/dev.bandanasigdel.com.np/member/service-request.php on line 13 in /home/bandanas/dev.bandanasigdel.com.np/member/_bootstrap.php:102
[03-May-2026 19:44:37 Asia/Kathmandu] [member-panel-exception] safeAddColumn(): Argument #1 ($db) must be of type PDO, string given, called in /home/bandanas/dev.bandanasigdel.com.np/member/service-request.php on line 13 @ /home/bandanas/dev.bandanasigdel.com.np/includes/config.php:1269
[03-May-2026 19:44:37 Asia/Kathmandu] [2026-05-03 19:44:37] User Error: safeAddColumn(): Argument #1 ($db) must be of type PDO, string given, called in /home/bandanas/dev.bandanasigdel.com.np/member/service-request.php on line 13 in /home/bandanas/dev.bandanasigdel.com.np/member/_bootstrap.php:102
[03-May-2026 19:47:36 Asia/Kathmandu] [member-panel-exception] safeAddColumn(): Argument #1 ($db) must be of type PDO, string given, called in /home/bandanas/dev.bandanasigdel.com.np/member/service-request.php on line 13 @ /home/bandanas/dev.bandanasigdel.com.np/includes/config.php:1269
[03-May-2026 19:47:36 Asia/Kathmandu] [2026-05-03 19:47:36] User Error: safeAddColumn(): Argument #1 ($db) must be of type PDO, string given, called in /home/bandanas/dev.bandanasigdel.com.np/member/service-request.php on line 13 in /home/bandanas/dev.bandanasigdel.com.np/member/_bootstrap.php:102
[03-May-2026 19:47:53 Asia/Kathmandu] [member-panel-exception] safeAddColumn(): Argument #1 ($db) must be of type PDO, string given, called in /home/bandanas/dev.bandanasigdel.com.np/member/service-request.php on line 13 @ /home/bandanas/dev.bandanasigdel.com.np/includes/config.php:1269
[03-May-2026 19:47:53 Asia/Kathmandu] [2026-05-03 19:47:53] User Error: safeAddColumn(): Argument #1 ($db) must be of type PDO, string given, called in /home/bandanas/dev.bandanasigdel.com.np/member/service-request.php on line 13 in /home/bandanas/dev.bandanasigdel.com.np/member/_bootstrap.php:102
[03-May-2026 19:50:23 Asia/Kathmandu] Admin page exception [kyc-applications.php]: safeAddColumn(): Argument #1 ($db) must be of type PDO, null given, called in /home/bandanas/dev.bandanasigdel.com.np/admin/kyc-applications.php on line 18 in /home/bandanas/dev.bandanasigdel.com.np/includes/config.php:1269
[03-May-2026 19:50:25 Asia/Kathmandu] [dashboard] SQLSTATE[42S22]: Column not found: 1054 Unknown column 'full_name_np' in 'SELECT'
[03-May-2026 19:51:05 Asia/Kathmandu] Admin page exception [why-choose.php]: Call to a member function query() on null in /home/bandanas/dev.bandanasigdel.com.np/admin/why-choose.php:79
[03-May-2026 19:51:09 Asia/Kathmandu] Admin page exception [partner-facilities.php]: Call to a member function query() on null in /home/bandanas/dev.bandanasigdel.com.np/admin/partner-facilities.php:71
[03-May-2026 19:51:15 Asia/Kathmandu] Admin page exception [app-features.php]: Call to a member function query() on null in /home/bandanas/dev.bandanasigdel.com.np/admin/app-features.php:51
[03-May-2026 19:52:02 Asia/Kathmandu] Admin page exception [loan-applications.php]: safeAddColumn(): Argument #1 ($db) must be of type PDO, null given, called in /home/bandanas/dev.bandanasigdel.com.np/admin/loan-applications.php on line 17 in /home/bandanas/dev.bandanasigdel.com.np/includes/config.php:1269
[03-May-2026 19:52:09 Asia/Kathmandu] Admin page exception [loan-applications.php]: safeAddColumn(): Argument #1 ($db) must be of type PDO, null given, called in /home/bandanas/dev.bandanasigdel.com.np/admin/loan-applications.php on line 17 in /home/bandanas/dev.bandanasigdel.com.np/includes/config.php:1269
[03-May-2026 19:56:39 Asia/Kathmandu] [dashboard] SQLSTATE[42S22]: Column not found: 1054 Unknown column 'full_name_np' in 'SELECT'
[03-May-2026 19:56:44 Asia/Kathmandu] [dashboard] SQLSTATE[42S22]: Column not found: 1054 Unknown column 'full_name_np' in 'SELECT'
[03-May-2026 19:57:53 Asia/Kathmandu] [dashboard] SQLSTATE[42S22]: Column not found: 1054 Unknown column 'full_name_np' in 'SELECT'
[03-May-2026 19:58:31 Asia/Kathmandu] [dashboard] SQLSTATE[42S22]: Column not found: 1054 Unknown column 'full_name_np' in 'SELECT'
[03-May-2026 19:59:12 Asia/Kathmandu] Admin page exception [kyc-applications.php]: safeAddColumn(): Argument #1 ($db) must be of type PDO, null given, called in /home/bandanas/dev.bandanasigdel.com.np/admin/kyc-applications.php on line 18 in /home/bandanas/dev.bandanasigdel.com.np/includes/config.php:1269
[04-May-2026 06:42:10 Asia/Kathmandu] Admin login error: Database connection not available @ /home/bandanas/dev.bandanasigdel.com.np/includes/config.php:235
[13-May-2026 17:24:44 Asia/Kathmandu] Admin page exception [hrm-dashboard.php]: SQLSTATE[42S02]: Base table or view not found: 1146 Table 'bandanas_dev.hrm_employees' doesn't exist in /home/bandanas/dev.bandanasigdel.com.np/admin/hrm-dashboard.php:14
[13-May-2026 17:24:51 Asia/Kathmandu] Admin page exception [hrm-dashboard.php]: SQLSTATE[42S02]: Base table or view not found: 1146 Table 'bandanas_dev.hrm_employees' doesn't exist in /home/bandanas/dev.bandanasigdel.com.np/admin/hrm-dashboard.php:14
[13-May-2026 17:26:39 Asia/Kathmandu] Admin page exception [hrm-dashboard.php]: SQLSTATE[42S02]: Base table or view not found: 1146 Table 'bandanas_dev.hrm_employees' doesn't exist in /home/bandanas/dev.bandanasigdel.com.np/admin/hrm-dashboard.php:14
[13-May-2026 20:55:55 Asia/Kathmandu] Admin page exception [hrm-messenger.php]: SQLSTATE[42S02]: Base table or view not found: 1146 Table 'bandanas_dev.hrm_internal_messages' doesn't exist in /home/bandanas/dev.bandanasigdel.com.np/admin/hrm-messenger.php:40
[13-May-2026 20:57:30 Asia/Kathmandu] Admin page exception [hrm-messenger.php]: SQLSTATE[42S02]: Base table or view not found: 1146 Table 'bandanas_dev.hrm_internal_messages' doesn't exist in /home/bandanas/dev.bandanasigdel.com.np/admin/hrm-messenger.php:40
[13-May-2026 20:57:47 Asia/Kathmandu] Admin page exception [hrm-messenger.php]: SQLSTATE[42S02]: Base table or view not found: 1146 Table 'bandanas_dev.hrm_internal_messages' doesn't exist in /home/bandanas/dev.bandanasigdel.com.np/admin/hrm-messenger.php:40
[13-May-2026 21:17:55 Asia/Kathmandu] Admin page exception [hrm-messenger.php]: SQLSTATE[42S02]: Base table or view not found: 1146 Table 'bandanas_dev.hrm_internal_messages' doesn't exist in /home/bandanas/dev.bandanasigdel.com.np/admin/hrm-messenger.php:40
[13-May-2026 21:32:16 Asia/Kathmandu] Admin page exception [hrm-messenger.php]: SQLSTATE[42S02]: Base table or view not found: 1146 Table 'bandanas_dev.hrm_internal_messages' doesn't exist in /home/bandanas/dev.bandanasigdel.com.np/admin/hrm-messenger.php:40
[13-May-2026 21:57:01 Asia/Kathmandu] Admin page exception [hrm-messenger.php]: SQLSTATE[42S02]: Base table or view not found: 1146 Table 'bandanas_dev.hrm_internal_messages' doesn't exist in /home/bandanas/dev.bandanasigdel.com.np/admin/hrm-messenger.php:40
[13-May-2026 22:10:19 Asia/Kathmandu] Admin page exception [hrm-messenger.php]: SQLSTATE[42S02]: Base table or view not found: 1146 Table 'bandanas_dev.hrm_internal_messages' doesn't exist in /home/bandanas/dev.bandanasigdel.com.np/admin/hrm-messenger.php:40
[13-May-2026 22:18:04 Asia/Kathmandu] Admin page exception [hrm-messenger.php]: SQLSTATE[42S02]: Base table or view not found: 1146 Table 'bandanas_dev.hrm_internal_messages' doesn't exist in /home/bandanas/dev.bandanasigdel.com.np/admin/hrm-messenger.php:40
[13-May-2026 22:59:13 Asia/Kathmandu] Admin page exception [hrm-messenger.php]: SQLSTATE[42S02]: Base table or view not found: 1146 Table 'bandanas_dev.hrm_internal_messages' doesn't exist in /home/bandanas/dev.bandanasigdel.com.np/admin/hrm-messenger.php:40
[13-May-2026 23:06:43 Asia/Kathmandu] Admin page exception [hrm-messenger.php]: SQLSTATE[42S02]: Base table or view not found: 1146 Table 'bandanas_dev.hrm_internal_messages' doesn't exist in /home/bandanas/dev.bandanasigdel.com.np/admin/hrm-messenger.php:40
[13-May-2026 23:07:22 Asia/Kathmandu] Admin page exception [hrm-messenger.php]: SQLSTATE[42S02]: Base table or view not found: 1146 Table 'bandanas_dev.hrm_internal_messages' doesn't exist in /home/bandanas/dev.bandanasigdel.com.np/admin/hrm-messenger.php:40
[13-May-2026 23:10:36 Asia/Kathmandu] Admin page exception [hrm-messenger.php]: SQLSTATE[42S02]: Base table or view not found: 1146 Table 'bandanas_dev.hrm_internal_messages' doesn't exist in /home/bandanas/dev.bandanasigdel.com.np/admin/hrm-messenger.php:40
[13-May-2026 23:12:39 Asia/Kathmandu] Admin page exception [hrm-messenger.php]: SQLSTATE[42S02]: Base table or view not found: 1146 Table 'bandanas_dev.hrm_internal_messages' doesn't exist in /home/bandanas/dev.bandanasigdel.com.np/admin/hrm-messenger.php:40
[13-May-2026 23:17:00 Asia/Kathmandu] Admin page exception [hrm-messenger.php]: SQLSTATE[42S02]: Base table or view not found: 1146 Table 'bandanas_dev.hrm_internal_messages' doesn't exist in /home/bandanas/dev.bandanasigdel.com.np/admin/hrm-messenger.php:40
[13-May-2026 23:17:07 Asia/Kathmandu] Admin page exception [hrm-messenger.php]: SQLSTATE[42S02]: Base table or view not found: 1146 Table 'bandanas_dev.hrm_internal_messages' doesn't exist in /home/bandanas/dev.bandanasigdel.com.np/admin/hrm-messenger.php:40
[14-May-2026 05:29:52 Asia/Kathmandu] MySQLi Connection Failed: Too many connections
[14-May-2026 05:29:52 Asia/Kathmandu] MySQLi Connection Failed: Too many connections
[14-May-2026 05:29:52 Asia/Kathmandu] Database Connection Failed: SQLSTATE[HY000] [1040] Too many connections
[14-May-2026 05:29:53 Asia/Kathmandu] MySQLi Connection Failed: Too many connections
[14-May-2026 05:29:53 Asia/Kathmandu] Database Connection Failed: SQLSTATE[08004] [1040] Too many connections
[14-May-2026 05:29:55 Asia/Kathmandu] MySQLi Connection Failed: Too many connections
[14-May-2026 05:29:55 Asia/Kathmandu] Database Connection Failed: SQLSTATE[08004] [1040] Too many connections
[14-May-2026 05:29:56 Asia/Kathmandu] MySQLi Connection Failed: Too many connections
[14-May-2026 05:29:56 Asia/Kathmandu] Database Connection Failed: SQLSTATE[HY000] [1040] Too many connections
[14-May-2026 05:29:57 Asia/Kathmandu] MySQLi Connection Failed: Too many connections
[14-May-2026 05:29:57 Asia/Kathmandu] Database Connection Failed: SQLSTATE[08004] [1040] Too many connections
[14-May-2026 05:30:00 Asia/Kathmandu] MySQLi Connection Failed: Too many connections
[14-May-2026 05:30:00 Asia/Kathmandu] Database Connection Failed: SQLSTATE[08004] [1040] Too many connections
[14-May-2026 05:30:04 Asia/Kathmandu] MySQLi Connection Failed: Too many connections
[14-May-2026 05:30:04 Asia/Kathmandu] Database Connection Failed: SQLSTATE[HY000] [1040] Too many connections
[14-May-2026 05:30:10 Asia/Kathmandu] Database Connection Failed: SQLSTATE[08004] [1040] Too many connections
[14-May-2026 05:30:11 Asia/Kathmandu] Database Connection Failed: SQLSTATE[08004] [1040] Too many connections
[14-May-2026 05:30:19 Asia/Kathmandu] MySQLi Connection Failed: Too many connections
[14-May-2026 05:30:19 Asia/Kathmandu] Database Connection Failed: SQLSTATE[08004] [1040] Too many connections
[14-May-2026 05:30:28 Asia/Kathmandu] MySQLi Connection Failed: Too many connections
[14-May-2026 05:30:28 Asia/Kathmandu] Database Connection Failed: SQLSTATE[08004] [1040] Too many connections
[14-May-2026 05:30:40 Asia/Kathmandu] MySQLi Connection Failed: Too many connections
[14-May-2026 05:30:40 Asia/Kathmandu] Database Connection Failed: SQLSTATE[08004] [1040] Too many connections
[14-May-2026 05:30:51 Asia/Kathmandu] MySQLi Connection Failed: Too many connections
[14-May-2026 05:30:51 Asia/Kathmandu] Database Connection Failed: SQLSTATE[08004] [1040] Too many connections
[14-May-2026 05:31:02 Asia/Kathmandu] MySQLi Connection Failed: Too many connections
[14-May-2026 05:31:02 Asia/Kathmandu] Database Connection Failed: SQLSTATE[HY000] [1040] Too many connections
[14-May-2026 05:31:13 Asia/Kathmandu] MySQLi Connection Failed: Too many connections
[14-May-2026 05:31:13 Asia/Kathmandu] Database Connection Failed: SQLSTATE[08004] [1040] Too many connections
[14-May-2026 05:31:24 Asia/Kathmandu] Database Connection Failed: SQLSTATE[08004] [1040] Too many connections
[14-May-2026 05:31:36 Asia/Kathmandu] MySQLi Connection Failed: Too many connections
[14-May-2026 05:31:36 Asia/Kathmandu] Database Connection Failed: SQLSTATE[HY000] [1040] Too many connections
[14-May-2026 05:32:18 Asia/Kathmandu] MySQLi Connection Failed: Too many connections
[14-May-2026 05:32:18 Asia/Kathmandu] Database Connection Failed: SQLSTATE[08004] [1040] Too many connections
[14-May-2026 07:48:51 Asia/Kathmandu] Admin page exception [hrm-messenger.php]: SQLSTATE[42S02]: Base table or view not found: 1146 Table 'bandanas_dev.hrm_internal_messages' doesn't exist in /home/bandanas/dev.bandanasigdel.com.np/admin/hrm-messenger.php:40
